[0305/233002.264:ERROR:process_memory_win.cc(73)] ReadMemory at 0x1a31692cd50 of 132 bytes failed: 仅完成部分的 ReadProcessMemory 或 WriteProcessMemory 请求。 (0x12B)
[0305/233002.266:ERROR:process_memory_win.cc(73)] ReadMemory at 0x1a3169225d0 of 1012 bytes failed: 仅完成部分的 ReadProcessMemory 或 WriteProcessMemory 请求。 (0x12B)
[0305/233002.266:ERROR:process_snapshot_win.cc(420)] ReadMemory RTL_USER_PROCESS_PARAMETERS
[0305/233002.268:ERROR:process_memory_win.cc(73)] ReadMemory at 0x1a3169321b0 of 6656 bytes failed: 仅完成部分的 ReadProcessMemory 或 WriteProcessMemory 请求。 (0x12B)
[0305/233002.268:ERROR:process_snapshot_win.cc(322)] failed to read unloaded module data
[0305/233002.282:ERROR:process_memory_win.cc(73)] ReadMemory at 0x1a316b73d00 of 72 bytes failed: 仅完成部分的 ReadProcessMemory 或 WriteProcessMemory 请求。 (0x12B)
[0305/233002.282:WARNING:pe_image_annotations_reader.cc(134)] could not read annotations list object in C:\Program Files (x86)\Google\Chrome\Application\80.0.3987.122\chrome_elf.dll
[0305/233002.282:ERROR:process_memory_win.cc(73)] ReadMemory at 0x1a316f5ab90 of 72 bytes failed: 仅完成部分的 ReadProcessMemory 或 WriteProcessMemory 请求。 (0x12B)
[0305/233002.282:WARNING:pe_image_annotations_reader.cc(134)] could not read annotations list object in C:\Program Files (x86)\Google\Chrome\Application\80.0.3987.122\chrome.dll
[0305/233002.337:ERROR:process_memory_win.cc(73)] ReadMemory at 0x1a316b73d00 of 72 bytes failed: 仅完成部分的 ReadProcessMemory 或 WriteProcessMemory 请求。 (0x12B)
[0305/233002.337:WARNING:pe_image_annotations_reader.cc(134)] could not read annotations list object in C:\Program Files (x86)\Google\Chrome\Application\80.0.3987.122\chrome_elf.dll
[0305/233002.337:ERROR:process_memory_win.cc(73)] ReadMemory at 0x1a316f5ab90 of 72 bytes failed: 仅完成部分的 ReadProcessMemory 或 WriteProcessMemory 请求。 (0x12B)
[0305/233002.337:WARNING:pe_image_annotations_reader.cc(134)] could not read annotations list object in C:\Program Files (x86)\Google\Chrome\Application\80.0.3987.122\chrome.dll
[0305/233002.337:ERROR:process_memory_win.cc(73)] ReadMemory at 0x1a316b73d00 of 72 bytes failed: 仅完成部分的 ReadProcessMemory 或 WriteProcessMemory 请求。 (0x12B)
[0305/233002.337:WARNING:pe_image_annotations_reader.cc(134)] could not read annotations list object in C:\Program Files (x86)\Google\Chrome\Application\80.0.3987.122\chrome_elf.dll
[0305/233002.337:ERROR:process_memory_win.cc(73)] ReadMemory at 0x1a316f5ab90 of 72 bytes failed: 仅完成部分的 ReadProcessMemory 或 WriteProcessMemory 请求。 (0x12B)
[0305/233002.337:WARNING:pe_image_annotations_reader.cc(134)] could not read annotations list object in C:\Program Files (x86)\Google\Chrome\Application\80.0.3987.122\chrome.dll
[0305/233002.491:ERROR:process_memory_win.cc(73)] ReadMemory at 0x79195fb000 of 20480 bytes failed: 仅完成部分的 ReadProcessMemory 或 WriteProcessMemory 请求。 (0x12B)
[0305/233002.491:ERROR:process_memory_win.cc(73)] ReadMemory at 0x7918596000 of 852 bytes failed: 仅完成部分的 ReadProcessMemory 或 WriteProcessMemory 请求。 (0x12B)
[0305/233002.491:ERROR:process_memory_win.cc(73)] ReadMemory at 0x7918599000 of 6024 bytes failed: 仅完成部分的 ReadProcessMemory 或 WriteProcessMemory 请求。 (0x12B)
[0305/233002.491:ERROR:process_memory_win.cc(73)] ReadMemory at 0x1a316922bf8 of 118 bytes failed: 仅完成部分的 ReadProcessMemory 或 WriteProcessMemory 请求。 (0x12B)
[0305/233002.491:ERROR:process_memory_win.cc(73)] ReadMemory at 0x1a316922ea0 of 58 bytes failed: 仅完成部分的 ReadProcessMemory 或 WriteProcessMemory 请求。 (0x12B)
[0305/233002.491:ERROR:process_memory_win.cc(73)] ReadMemory at 0x1a316922fa0 of 132 bytes failed: 仅完成部分的 ReadProcessMemory 或 WriteProcessMemory 请求。 (0x12B)
[0305/233002.491:ERROR:process_memory_win.cc(73)] ReadMemory at 0x1a316923130 of 132 bytes failed: 仅完成部分的 ReadProcessMemory 或 WriteProcessMemory 请求。 (0x12B)
[0305/233002.491:ERROR:process_memory_win.cc(73)] ReadMemory at 0x1a3169236d0 of 132 bytes failed: 仅完成部分的 ReadProcessMemory 或 WriteProcessMemory 请求。 (0x12B)
[0305/233002.491:ERROR:process_memory_win.cc(73)] ReadMemory at 0x1a316923860 of 64 bytes failed: 仅完成部分的 ReadProcessMemory 或 WriteProcessMemory 请求。 (0x12B)
[0305/233002.491:ERROR:process_memory_win.cc(73)] ReadMemory at 0x1a3169238b0 of 132 bytes failed: 仅完成部分的 ReadProcessMemory 或 WriteProcessMemory 请求。 (0x12B)
[0305/233002.491:ERROR:process_memory_win.cc(73)] ReadMemory at 0x1a316923a20 of 132 bytes failed: 仅完成部分的 ReadProcessMemory 或 WriteProcessMemory 请求。 (0x12B)
[0305/233002.491:ERROR:process_memory_win.cc(73)] ReadMemory at 0x1a316923cc0 of 132 bytes failed: 仅完成部分的 ReadProcessMemory 或 WriteProcessMemory 请求。 (0x12B)
[0305/233002.491:ERROR:process_memory_win.cc(73)] ReadMemory at 0x1a316923e50 of 68 bytes failed: 仅完成部分的 ReadProcessMemory 或 WriteProcessMemory 请求。 (0x12B)
[0305/233002.491:ERROR:process_memory_win.cc(73)] ReadMemory at 0x1a316924cd0 of 132 bytes failed: 仅完成部分的 ReadProcessMemory 或 WriteProcessMemory 请求。 (0x12B)
[0305/233002.491:ERROR:process_memory_win.cc(73)] ReadMemory at 0x1a316924e60 of 154 bytes failed: 仅完成部分的 ReadProcessMemory 或 WriteProcessMemory 请求。 (0x12B)
[0305/233002.491:ERROR:process_memory_win.cc(73)] ReadMemory at 0x1a3169261c0 of 132 bytes failed: 仅完成部分的 ReadProcessMemory 或 WriteProcessMemory 请求。 (0x12B)
[0305/233002.491:ERROR:process_memory_win.cc(73)] ReadMemory at 0x1a316926bc0 of 60 bytes failed: 仅完成部分的 ReadProcessMemory 或 WriteProcessMemory 请求。 (0x12B)
[0305/233002.491:ERROR:process_memory_win.cc(73)] ReadMemory at 0x1a316926c40 of 62 bytes failed: 仅完成部分的 ReadProcessMemory 或 WriteProcessMemory 请求。 (0x12B)
[0305/233002.491:ERROR:process_memory_win.cc(73)] ReadMemory at 0x1a316926e30 of 132 bytes failed: 仅完成部分的 ReadProcessMemory 或 WriteProcessMemory 请求。 (0x12B)
[0305/233002.491:ERROR:process_memory_win.cc(73)] ReadMemory at 0x1a31692784c of 512 bytes failed: 仅完成部分的 ReadProcessMemory 或 WriteProcessMemory 请求。 (0x12B)
[0305/233002.491:ERROR:process_memory_win.cc(73)] ReadMemory at 0x1a316927c60 of 132 bytes failed: 仅完成部分的 ReadProcessMemory 或 WriteProcessMemory 请求。 (0x12B)
[0305/233002.491:ERROR:process_memory_win.cc(73)] ReadMemory at 0x1a316927e70 of 132 bytes failed: 仅完成部分的 ReadProcessMemory 或 WriteProcessMemory 请求。 (0x12B)
[0305/233002.492:ERROR:process_memory_win.cc(73)] ReadMemory at 0x1a31692a8f0 of 132 bytes failed: 仅完成部分的 ReadProcessMemory 或 WriteProcessMemory 请求。 (0x12B)
[0305/233002.492:ERROR:process_memory_win.cc(73)] ReadMemory at 0x1a31692aa20 of 132 bytes failed: 仅完成部分的 ReadProcessMemory 或 WriteProcessMemory 请求。 (0x12B)
[0305/233002.492:ERROR:process_memory_win.cc(73)] ReadMemory at 0x1a31692abb0 of 80 bytes failed: 仅完成部分的 ReadProcessMemory 或 WriteProcessMemory 请求。 (0x12B)
[0305/233002.492:ERROR:process_memory_win.cc(73)] ReadMemory at 0x1a31692adf0 of 64 bytes failed: 仅完成部分的 ReadProcessMemory 或 WriteProcessMemory 请求。 (0x12B)
[0305/233002.492:ERROR:process_memory_win.cc(73)] ReadMemory at 0x1a31692ae40 of 60 bytes failed: 仅完成部分的 ReadProcessMemory 或 WriteProcessMemory 请求。 (0x12B)
[0305/233002.492:ERROR:process_memory_win.cc(73)] ReadMemory at 0x1a31692af80 of 62 bytes failed: 仅完成部分的 ReadProcessMemory 或 WriteProcessMemory 请求。 (0x12B)
[0305/233002.492:ERROR:process_memory_win.cc(73)] ReadMemory at 0x1a31692b020 of 64 bytes failed: 仅完成部分的 ReadProcessMemory 或 WriteProcessMemory 请求。 (0x12B)
[0305/233002.492:ERROR:process_memory_win.cc(73)] ReadMemory at 0x1a31692b2a0 of 60 bytes failed: 仅完成部分的 ReadProcessMemory 或 WriteProcessMemory 请求。 (0x12B)
[0305/233002.492:ERROR:process_memory_win.cc(73)] ReadMemory at 0x1a31692b340 of 66 bytes failed: 仅完成部分的 ReadProcessMemory 或 WriteProcessMemory 请求。 (0x12B)
[0305/233002.492:ERROR:process_memory_win.cc(73)] ReadMemory at 0x1a31692b390 of 62 bytes failed: 仅完成部分的 ReadProcessMemory 或 WriteProcessMemory 请求。 (0x12B)
[0305/233002.492:ERROR:process_memory_win.cc(73)] ReadMemory at 0x1a31692b430 of 64 bytes failed: 仅完成部分的 ReadProcessMemory 或 WriteProcessMemory 请求。 (0x12B)
[0305/233002.492:ERROR:process_memory_win.cc(73)] ReadMemory at 0x1a31692b480 of 64 bytes failed: 仅完成部分的 ReadProcessMemory 或 WriteProcessMemory 请求。 (0x12B)
[0305/233002.492:ERROR:process_memory_win.cc(73)] ReadMemory at 0x1a31692c170 of 132 bytes failed: 仅完成部分的 ReadProcessMemory 或 WriteProcessMemory 请求。 (0x12B)
[0305/233002.492:ERROR:process_memory_win.cc(73)] ReadMemory at 0x1a31692c2a0 of 132 bytes failed: 仅完成部分的 ReadProcessMemory 或 WriteProcessMemory 请求。 (0x12B)
[0305/233002.492:ERROR:process_memory_win.cc(73)] ReadMemory at 0x1a31692c3d0 of 132 bytes failed: 仅完成部分的 ReadProcessMemory 或 WriteProcessMemory 请求。 (0x12B)
[0305/233002.492:ERROR:process_memory_win.cc(73)] ReadMemory at 0x1a31692c500 of 132 bytes failed: 仅完成部分的 ReadProcessMemory 或 WriteProcessMemory 请求。 (0x12B)
[0305/233002.492:ERROR:process_memory_win.cc(73)] ReadMemory at 0x1a31692c630 of 132 bytes failed: 仅完成部分的 ReadProcessMemory 或 WriteProcessMemory 请求。 (0x12B)
[0305/233002.492:ERROR:process_memory_win.cc(73)] ReadMemory at 0x1a31692c760 of 132 bytes failed: 仅完成部分的 ReadProcessMemory 或 WriteProcessMemory 请求。 (0x12B)
[0305/233002.492:ERROR:process_memory_win.cc(73)] ReadMemory at 0x1a31692c890 of 132 bytes failed: 仅完成部分的 ReadProcessMemory 或 WriteProcessMemory 请求。 (0x12B)
[0305/233002.492:ERROR:process_memory_win.cc(73)] ReadMemory at 0x1a31692c9c0 of 132 bytes failed: 仅完成部分的 ReadProcessMemory 或 WriteProcessMemory 请求。 (0x12B)
[0305/233002.492:ERROR:process_memory_win.cc(73)] ReadMemory at 0x1a31692caf0 of 132 bytes failed: 仅完成部分的 ReadProcessMemory 或 WriteProcessMemory 请求。 (0x12B)
[0305/233002.492:ERROR:process_memory_win.cc(73)] ReadMemory at 0x1a31692cd50 of 132 bytes failed: 仅完成部分的 ReadProcessMemory 或 WriteProcessMemory 请求。 (0x12B)
[0305/233002.492:ERROR:process_memory_win.cc(73)] ReadMemory at 0x1a31692ce80 of 132 bytes failed: 仅完成部分的 ReadProcessMemory 或 WriteProcessMemory 请求。 (0x12B)
[0305/233002.492:ERROR:process_memory_win.cc(73)] ReadMemory at 0x1a31692cfb0 of 132 bytes failed: 仅完成部分的 ReadProcessMemory 或 WriteProcessMemory 请求。 (0x12B)
[0305/233002.492:ERROR:process_memory_win.cc(73)] ReadMemory at 0x1a31692db30 of 132 bytes failed: 仅完成部分的 ReadProcessMemory 或 WriteProcessMemory 请求。 (0x12B)
[0305/233002.492:ERROR:process_memory_win.cc(73)] ReadMemory at 0x1a31692dc60 of 132 bytes failed: 仅完成部分的 ReadProcessMemory 或 WriteProcessMemory 请求。 (0x12B)
[0305/233002.492:ERROR:process_memory_win.cc(73)] ReadMemory at 0x1a316930550 of 146 bytes failed: 仅完成部分的 ReadProcessMemory 或 WriteProcessMemory 请求。 (0x12B)
[0305/233002.492:ERROR:process_memory_win.cc(73)] ReadMemory at 0x1a316931e50 of 132 bytes failed: 仅完成部分的 ReadProcessMemory 或 WriteProcessMemory 请求。 (0x12B)
[0305/233002.492:ERROR:process_memory_win.cc(73)] ReadMemory at 0x1a316934490 of 54 bytes failed: 仅完成部分的 ReadProcessMemory 或 WriteProcessMemory 请求。 (0x12B)
[0305/233002.492:ERROR:process_memory_win.cc(73)] ReadMemory at 0x1a316934bd0 of 132 bytes failed: 仅完成部分的 ReadProcessMemory 或 WriteProcessMemory 请求。 (0x12B)
[0305/233002.493:ERROR:process_memory_win.cc(73)] ReadMemory at 0x1a3169355e0 of 76 bytes failed: 仅完成部分的 ReadProcessMemory 或 WriteProcessMemory 请求。 (0x12B)
[0305/233002.493:ERROR:process_memory_win.cc(73)] ReadMemory at 0x1a316935700 of 80 bytes failed: 仅完成部分的 ReadProcessMemory 或 WriteProcessMemory 请求。 (0x12B)
[0305/233002.493:ERROR:process_memory_win.cc(73)] ReadMemory at 0x1a316936030 of 62 bytes failed: 仅完成部分的 ReadProcessMemory 或 WriteProcessMemory 请求。 (0x12B)
[0305/233002.493:ERROR:process_memory_win.cc(73)] ReadMemory at 0x1a3169360d0 of 62 bytes failed: 仅完成部分的 ReadProcessMemory 或 WriteProcessMemory 请求。 (0x12B)
[0305/233002.493:ERROR:process_memory_win.cc(73)] ReadMemory at 0x1a316936170 of 64 bytes failed: 仅完成部分的 ReadProcessMemory 或 WriteProcessMemory 请求。 (0x12B)
[0305/233002.493:ERROR:process_memory_win.cc(73)] ReadMemory at 0x1a316936210 of 62 bytes failed: 仅完成部分的 ReadProcessMemory 或 WriteProcessMemory 请求。 (0x12B)
[0305/233002.493:ERROR:process_memory_win.cc(73)] ReadMemory at 0x1a316936530 of 62 bytes failed: 仅完成部分的 ReadProcessMemory 或 WriteProcessMemory 请求。 (0x12B)
[0305/233002.493:ERROR:process_memory_win.cc(73)] ReadMemory at 0x1a316936580 of 66 bytes failed: 仅完成部分的 ReadProcessMemory 或 WriteProcessMemory 请求。 (0x12B)
[0305/233002.493:ERROR:process_memory_win.cc(73)] ReadMemory at 0x1a3169366c0 of 62 bytes failed: 仅完成部分的 ReadProcessMemory 或 WriteProcessMemory 请求。 (0x12B)
[0305/233002.493:ERROR:process_memory_win.cc(73)] ReadMemory at 0x1a316936850 of 58 bytes failed: 仅完成部分的 ReadProcessMemory 或 WriteProcessMemory 请求。 (0x12B)
[0305/233002.493:ERROR:process_memory_win.cc(73)] ReadMemory at 0x1a316936940 of 60 bytes failed: 仅完成部分的 ReadProcessMemory 或 WriteProcessMemory 请求。 (0x12B)
[0305/233002.493:ERROR:process_memory_win.cc(73)] ReadMemory at 0x1a3169369e0 of 60 bytes failed: 仅完成部分的 ReadProcessMemory 或 WriteProcessMemory 请求。 (0x12B)
[0305/233002.493:ERROR:process_memory_win.cc(73)] ReadMemory at 0x1a316936a30 of 60 bytes failed: 仅完成部分的 ReadProcessMemory 或 WriteProcessMemory 请求。 (0x12B)
[0305/233002.493:ERROR:process_memory_win.cc(73)] ReadMemory at 0x1a316936ad0 of 64 bytes failed: 仅完成部分的 ReadProcessMemory 或 WriteProcessMemory 请求。 (0x12B)
[0305/233002.493:ERROR:process_memory_win.cc(73)] ReadMemory at 0x1a316936bc0 of 62 bytes failed: 仅完成部分的 ReadProcessMemory 或 WriteProcessMemory 请求。 (0x12B)
[0305/233002.493:ERROR:process_memory_win.cc(73)] ReadMemory at 0x1a316936c60 of 68 bytes failed: 仅完成部分的 ReadProcessMemory 或 WriteProcessMemory 请求。 (0x12B)
[0305/233002.493:ERROR:process_memory_win.cc(73)] ReadMemory at 0x1a316936d00 of 64 bytes failed: 仅完成部分的 ReadProcessMemory 或 WriteProcessMemory 请求。 (0x12B)
[0305/233002.493:ERROR:process_memory_win.cc(73)] ReadMemory at 0x1a316936d50 of 60 bytes failed: 仅完成部分的 ReadProcessMemory 或 WriteProcessMemory 请求。 (0x12B)
[0305/233002.493:ERROR:process_memory_win.cc(73)] ReadMemory at 0x1a316936da0 of 64 bytes failed: 仅完成部分的 ReadProcessMemory 或 WriteProcessMemory 请求。 (0x12B)
[0305/233002.493:ERROR:process_memory_win.cc(73)] ReadMemory at 0x1a316936df0 of 62 bytes failed: 仅完成部分的 ReadProcessMemory 或 WriteProcessMemory 请求。 (0x12B)
[0305/233002.493:ERROR:process_memory_win.cc(73)] ReadMemory at 0x1a316936e40 of 62 bytes failed: 仅完成部分的 ReadProcessMemory 或 WriteProcessMemory 请求。 (0x12B)
[0305/233002.493:ERROR:process_memory_win.cc(73)] ReadMemory at 0x1a3169370d0 of 132 bytes failed: 仅完成部分的 ReadProcessMemory 或 WriteProcessMemory 请求。 (0x12B)
[0305/233002.493:ERROR:process_memory_win.cc(73)] ReadMemory at 0x1a316937330 of 132 bytes failed: 仅完成部分的 ReadProcessMemory 或 WriteProcessMemory 请求。 (0x12B)
[0305/233002.493:ERROR:process_memory_win.cc(73)] ReadMemory at 0x1a316937460 of 132 bytes failed: 仅完成部分的 ReadProcessMemory 或 WriteProcessMemory 请求。 (0x12B)
[0305/233002.493:ERROR:process_memory_win.cc(73)] ReadMemory at 0x1a316937590 of 132 bytes failed: 仅完成部分的 ReadProcessMemory 或 WriteProcessMemory 请求。 (0x12B)
[0305/233002.493:ERROR:process_memory_win.cc(73)] ReadMemory at 0x1a316937a50 of 132 bytes failed: 仅完成部分的 ReadProcessMemory 或 WriteProcessMemory 请求。 (0x12B)
[0305/233002.493:ERROR:process_memory_win.cc(73)] ReadMemory at 0x1a316937de0 of 132 bytes failed: 仅完成部分的 ReadProcessMemory 或 WriteProcessMemory 请求。 (0x12B)
[0305/233002.493:ERROR:process_memory_win.cc(73)] ReadMemory at 0x1a3169383d0 of 132 bytes failed: 仅完成部分的 ReadProcessMemory 或 WriteProcessMemory 请求。 (0x12B)
[0305/233002.493:ERROR:process_memory_win.cc(73)] ReadMemory at 0x1a316938630 of 132 bytes failed: 仅完成部分的 ReadProcessMemory 或 WriteProcessMemory 请求。 (0x12B)
[0305/233002.493:ERROR:process_memory_win.cc(73)] ReadMemory at 0x1a316938760 of 132 bytes failed: 仅完成部分的 ReadProcessMemory 或 WriteProcessMemory 请求。 (0x12B)
[0305/233002.493:ERROR:process_memory_win.cc(73)] ReadMemory at 0x1a316938890 of 132 bytes failed: 仅完成部分的 ReadProcessMemory 或 WriteProcessMemory 请求。 (0x12B)
[0305/233002.494:ERROR:process_memory_win.cc(73)] ReadMemory at 0x1a316938af0 of 132 bytes failed: 仅完成部分的 ReadProcessMemory 或 WriteProcessMemory 请求。 (0x12B)
[0305/233002.494:ERROR:process_memory_win.cc(73)] ReadMemory at 0x1a316c4c670 of 512 bytes failed: 仅完成部分的 ReadProcessMemory 或 WriteProcessMemory 请求。 (0x12B)
[0305/233002.500:ERROR:scoped_process_suspend.cc(40)] NtResumeProcess: 已尝试访问正在退出的过程。 (0xc000010a)
